app/build/outputs/logs/manifest-merger-debug-report.txt
-- Merging decision tree log ---
manifest
ADDED from src\main\AndroidManifest.xml:2:1-113:12
	package
		ADDED from src\main\AndroidManifest.xml:3:5-33
		INJECTED from src\main\AndroidManifest.xml
		INJECTED from src\main\AndroidManifest.xml
	android:versionName
		INJECTED from src\main\AndroidManifest.xml
		INJECTED from src\main\AndroidManifest.xml
	xmlns:android
		ADDED from src\main\AndroidManifest.xml:2:11-69
	android:versionCode
		INJECTED from src\main\AndroidManifest.xml
		INJECTED from src\main\AndroidManifest.xml
uses-permission#android.permission.INTERNET
ADDED from src\main\AndroidManifest.xml:5:5-67
	android:name
		ADDED from src\main\AndroidManifest.xml:5:22-64
uses-permission#android.permission.VIBRATE
ADDED from src\main\AndroidManifest.xml:6:5-66
	android:name
		ADDED from src\main\AndroidManifest.xml:6:22-63
uses-permission#android.permission.RECEIVE_BOOT_COMPLETED
ADDED from src\main\AndroidManifest.xml:7:5-81
	android:name
		ADDED from src\main\AndroidManifest.xml:7:22-78
uses-permission#android.permission.WAKE_LOCK
ADDED from src\main\AndroidManifest.xml:8:5-68
	android:name
		ADDED from src\main\AndroidManifest.xml:8:22-65
uses-permission#com.android.vending.BILLING
ADDED from src\main\AndroidManifest.xml:9:5-67
	android:name
		ADDED from src\main\AndroidManifest.xml:9:22-64
uses-permission#android.permission.ACCESS_NETWORK_STATE
ADDED from src\main\AndroidManifest.xml:10:5-79
	android:name
		ADDED from src\main\AndroidManifest.xml:10:22-76
uses-permission#android.permission.READ_EXTERNAL_STORAGE
ADDED from src\main\AndroidManifest.xml:11:5-80
	android:name
		ADDED from src\main\AndroidManifest.xml:11:22-77
uses-permission#android.permission.WRITE_EXTERNAL_STORAGE
ADDED from src\main\AndroidManifest.xml:12:5-81
	android:name
		ADDED from src\main\AndroidManifest.xml:12:22-78
uses-permission#android.permission.ACCESS_WIFI_STATE
ADDED from src\main\AndroidManifest.xml:13:5-76
	android:name
		ADDED from src\main\AndroidManifest.xml:13:22-73
uses-permission#android.permission.CHANGE_WIFI_STATE
ADDED from src\main\AndroidManifest.xml:14:5-76
	android:name
		ADDED from src\main\AndroidManifest.xml:14:22-73
application
ADDED from src\main\AndroidManifest.xml:16:5-111:19
MERGED from [com.android.support:cardview-v7:25.0.0] AndroidManifest.xml:22:5-20
MERGED from [com.squareup.duktape:duktape-android:0.9.5] AndroidManifest.xml:8:5-20
MERGED from [com.android.support:appcompat-v7:25.0.0] AndroidManifest.xml:25:5-20
MERGED from [com.android.support:support-v4:25.0.0] AndroidManifest.xml:25:5-20
MERGED from [com.android.support:support-fragment:25.0.0] AndroidManifest.xml:25:5-20
MERGED from [com.android.support:support-media-compat:25.0.0] AndroidManifest.xml:25:5-20
MERGED from [com.android.support:support-core-ui:25.0.0] AndroidManifest.xml:25:5-20
MERGED from [com.android.support:support-core-utils:25.0.0] AndroidManifest.xml:25:5-20
MERGED from [com.android.support:animated-vector-drawable:25.0.0] AndroidManifest.xml:22:5-20
MERGED from [com.android.support:support-vector-drawable:25.0.0] AndroidManifest.xml:23:5-20
MERGED from [com.android.support:support-compat:25.0.0] AndroidManifest.xml:25:5-20
MERGED from [com.lusfold.spinnerloading:library:1.0.0] AndroidManifest.xml:11:5-14:19
MERGED from [com.android.support.constraint:constraint-layout:1.0.2] AndroidManifest.xml:9:5-20
	android:label
		ADDED from src\main\AndroidManifest.xml:20:9-41
	android:supportsRtl
		ADDED from src\main\AndroidManifest.xml:21:9-35
	android:allowBackup
		ADDED from src\main\AndroidManifest.xml:18:9-35
	android:icon
		ADDED from src\main\AndroidManifest.xml:19:9-43
	android:theme
		ADDED from src\main\AndroidManifest.xml:22:9-39
	android:name
		ADDED from src\main\AndroidManifest.xml:17:9-85
activity#com.ravendmaster.linearmqttdashboard.activity.MainActivity
ADDED from src\main\AndroidManifest.xml:23:9-49:20
	android:screenOrientation
		ADDED from src\main\AndroidManifest.xml:25:13-50
	android:theme
		ADDED from src\main\AndroidManifest.xml:26:13-59
	android:name
		ADDED from src\main\AndroidManifest.xml:24:13-86
intent-filter#android.intent.action.MAIN+android.intent.category.LAUNCHER
ADDED from src\main\AndroidManifest.xml:27:13-30:29
action#android.intent.action.MAIN
ADDED from src\main\AndroidManifest.xml:28:17-69
	android:name
		ADDED from src\main\AndroidManifest.xml:28:25-66
category#android.intent.category.LAUNCHER
ADDED from src\main\AndroidManifest.xml:29:17-77
	android:name
		ADDED from src\main\AndroidManifest.xml:29:27-74
intent-filter#android.intent.action.VIEW+android.intent.category.BROWSABLE+android.intent.category.DEFAULT
ADDED from src\main\AndroidManifest.xml:31:13-39:29
action#android.intent.action.VIEW
ADDED from src\main\AndroidManifest.xml:32:17-69
	android:name
		ADDED from src\main\AndroidManifest.xml:32:25-66
category#android.intent.category.BROWSABLE
ADDED from src\main\AndroidManifest.xml:34:17-78
	android:name
		ADDED from src\main\AndroidManifest.xml:34:27-75
category#android.intent.category.DEFAULT
ADDED from src\main\AndroidManifest.xml:35:17-76
	android:name
		ADDED from src\main\AndroidManifest.xml:35:27-73
data
ADDED from src\main\AndroidManifest.xml:37:17-48
	android:mimeType
		ADDED from src\main\AndroidManifest.xml:37:23-45
intent-filter#android.intent.action.VIEW+android.intent.category.BROWSABLE
ADDED from src\main\AndroidManifest.xml:40:13-48:29
activity#com.ravendmaster.linearmqttdashboard.activity.WidgetEditorActivity
ADDED from src\main\AndroidManifest.xml:50:9-51:52
	android:screenOrientation
		ADDED from src\main\AndroidManifest.xml:51:13-50
	android:name
		ADDED from src\main\AndroidManifest.xml:50:19-100
activity#com.ravendmaster.linearmqttdashboard.activity.ConnectionSettingsActivity
ADDED from src\main\AndroidManifest.xml:52:9-53:52
	android:screenOrientation
		ADDED from src\main\AndroidManifest.xml:53:13-50
	android:name
		ADDED from src\main\AndroidManifest.xml:52:19-106
service#com.ravendmaster.linearmqttdashboard.service.MQTTService
ADDED from src\main\AndroidManifest.xml:55:9-58:39
	android:enabled
		ADDED from src\main\AndroidManifest.xml:57:13-35
	android:exported
		ADDED from src\main\AndroidManifest.xml:58:13-36
	android:name
		ADDED from src\main\AndroidManifest.xml:56:13-84
receiver#com.ravendmaster.linearmqttdashboard.service.Autostart
ADDED from src\main\AndroidManifest.xml:60:9-72:20
	android:name
		ADDED from src\main\AndroidManifest.xml:60:19-88
intent-filter#android.intent.action.BOOT_COMPLETED+android.intent.category.HOME
ADDED from src\main\AndroidManifest.xml:61:13-65:29
action#android.intent.action.BOOT_COMPLETED
ADDED from src\main\AndroidManifest.xml:62:17-79
	android:name
		ADDED from src\main\AndroidManifest.xml:62:25-76
category#android.intent.category.HOME
ADDED from src\main\AndroidManifest.xml:64:17-73
	android:name
		ADDED from src\main\AndroidManifest.xml:64:27-70
intent-filter#android.intent.action.MEDIA_MOUNTED+android.intent.action.MEDIA_UNMOUNTED
ADDED from src\main\AndroidManifest.xml:66:13-71:29
action#android.intent.action.MEDIA_MOUNTED
ADDED from src\main\AndroidManifest.xml:67:17-78
	android:name
		ADDED from src\main\AndroidManifest.xml:67:25-75
action#android.intent.action.MEDIA_UNMOUNTED
ADDED from src\main\AndroidManifest.xml:68:17-80
	android:name
		ADDED from src\main\AndroidManifest.xml:68:25-77
activity#com.ravendmaster.linearmqttdashboard.activity.TabsActivity
ADDED from src\main\AndroidManifest.xml:74:9-75:52
	android:screenOrientation
		ADDED from src\main\AndroidManifest.xml:75:13-50
	android:name
		ADDED from src\main\AndroidManifest.xml:74:19-92
activity#com.ravendmaster.linearmqttdashboard.activity.OpenFileActivity
ADDED from src\main\AndroidManifest.xml:76:9-77:52
	android:screenOrientation
		ADDED from src\main\AndroidManifest.xml:77:13-50
	android:name
		ADDED from src\main\AndroidManifest.xml:76:19-96
activity#com.ravendmaster.linearmqttdashboard.activity.MainActivityHello
ADDED from src\main\AndroidManifest.xml:78:9-82:66
	android:screenOrientation
		ADDED from src\main\AndroidManifest.xml:81:13-50
	android:launchMode
		ADDED from src\main\AndroidManifest.xml:80:13-44
	android:theme
		ADDED from src\main\AndroidManifest.xml:82:13-63
	android:name
		ADDED from src\main\AndroidManifest.xml:79:13-91
activity#com.ravendmaster.linearmqttdashboard.activity.ChatActivity
ADDED from src\main\AndroidManifest.xml:83:9-87:66
	android:screenOrientation
		ADDED from src\main\AndroidManifest.xml:86:13-50
	android:launchMode
		ADDED from src\main\AndroidManifest.xml:85:13-44
	android:theme
		ADDED from src\main\AndroidManifest.xml:87:13-63
	android:name
		ADDED from src\main\AndroidManifest.xml:84:13-86
activity#com.ravendmaster.linearmqttdashboard.activity.CompareActivity
ADDED from src\main\AndroidManifest.xml:88:9-92:66
	android:screenOrientation
		ADDED from src\main\AndroidManifest.xml:91:13-50
	android:launchMode
		ADDED from src\main\AndroidManifest.xml:90:13-44
	android:theme
		ADDED from src\main\AndroidManifest.xml:92:13-63
	android:name
		ADDED from src\main\AndroidManifest.xml:89:13-89
activity#com.ravendmaster.linearmqttdashboard.activity.WifiSetting
ADDED from src\main\AndroidManifest.xml:93:9-96:66
	android:screenOrientation
		ADDED from src\main\AndroidManifest.xml:95:13-50
	android:theme
		ADDED from src\main\AndroidManifest.xml:96:13-63
	android:name
		ADDED from src\main\AndroidManifest.xml:94:13-85
receiver#com.ravendmaster.linearmqttdashboard.receiver.InsuranceReceiver
ADDED from src\main\AndroidManifest.xml:98:9-105:20
	android:enabled
		ADDED from src\main\AndroidManifest.xml:100:13-35
	android:exported
		ADDED from src\main\AndroidManifest.xml:101:13-36
	android:name
		ADDED from src\main\AndroidManifest.xml:99:13-91
intent-filter#com.sdses.insurance.speaktts
ADDED from src\main\AndroidManifest.xml:102:13-104:29
action#com.sdses.insurance.speaktts
ADDED from src\main\AndroidManifest.xml:103:17-71
	android:name
		ADDED from src\main\AndroidManifest.xml:103:25-68
activity#com.ravendmaster.linearmqttdashboard.activity.MapScanActivity
ADDED from src\main\AndroidManifest.xml:106:9-107:52
	android:screenOrientation
		ADDED from src\main\AndroidManifest.xml:107:13-50
	android:name
		ADDED from src\main\AndroidManifest.xml:106:19-95
activity#com.ravendmaster.linearmqttdashboard.activity.ImageActivity
ADDED from src\main\AndroidManifest.xml:108:9-110:65
	android:screenOrientation
		ADDED from src\main\AndroidManifest.xml:109:13-50
	android:theme
		ADDED from src\main\AndroidManifest.xml:110:13-63
	android:name
		ADDED from src\main\AndroidManifest.xml:108:19-93
uses-sdk
INJECTED from src\main\AndroidManifest.xml reason: use-sdk injection requested
MERGED from [com.github.woxthebox:draglistview:1.2.8] AndroidManifest.xml:22:5-24:41
MERGED from [com.android.support:cardview-v7:25.0.0] AndroidManifest.xml:20:5-43
MERGED from [com.android.support:recyclerview-v7:25.0.0] AndroidManifest.xml:20:5-43
MERGED from [com.squareup.duktape:duktape-android:0.9.5] AndroidManifest.xml:6:5-43
MERGED from [pl.droidsonroids.gif:android-gif-drawable:1.2.1] AndroidManifest.xml:7:5-9:41
MERGED from [com.bigkoo:alertview:1.0.2] AndroidManifest.xml:7:5-9:41
MERGED from [com.android.support:appcompat-v7:25.0.0] AndroidManifest.xml:21:5-23:78
MERGED from [com.android.support:support-v4:25.0.0] AndroidManifest.xml:21:5-23:54
MERGED from [com.android.support:support-fragment:25.0.0] AndroidManifest.xml:21:5-23:60
MERGED from [com.android.support:support-media-compat:25.0.0] AndroidManifest.xml:21:5-23:63
MERGED from [com.android.support:support-core-ui:25.0.0] AndroidManifest.xml:21:5-23:58
MERGED from [com.android.support:support-core-utils:25.0.0] AndroidManifest.xml:21:5-23:61
MERGED from [com.android.support:animated-vector-drawable:25.0.0] AndroidManifest.xml:20:5-44
MERGED from [com.android.support:support-vector-drawable:25.0.0] AndroidManifest.xml:21:5-43
MERGED from [com.android.support:support-compat:25.0.0] AndroidManifest.xml:21:5-23:58
MERGED from [com.lusfold.spinnerloading:library:1.0.0] AndroidManifest.xml:7:5-9:41
MERGED from [com.android.support.constraint:constraint-layout:1.0.2] AndroidManifest.xml:5:5-7:41
	tools:overrideLibrary
		ADDED from [com.android.support:appcompat-v7:25.0.0] AndroidManifest.xml:23:9-75
	android:targetSdkVersion
		INJECTED from src\main\AndroidManifest.xml
		INJECTED from src\main\AndroidManifest.xml
	android:minSdkVersion
		INJECTED from src\main\AndroidManifest.xml
		INJECTED from src\main\AndroidManifest.xml